2023-08-21 09:44:38.199  INFO 13337 --- [restartedMain] com.example.DoctorServiceApplication     : Starting DoctorServiceApplication using Java 11.0.20 on Shire with PID 13337 (/home/lox/Documents/IBM T@C/IBM-Public_Health-Project/microservices/doctor-service/target/classes started by lox in /home/lox/Documents/IBM T@C/IBM-Public_Health-Project/microservices/doctor-service)
2023-08-21 09:44:38.261  INFO 13337 --- [restartedMain] com.example.DoctorServiceApplication     : No active profile set, falling back to 1 default profile: "default"
2023-08-21 09:44:39.390  INFO 13337 --- [restartedMain] .e.DevToolsPropertyDefaultsPostProcessor : Devtools property defaults active! Set 'spring.devtools.add-properties' to 'false' to disable
2023-08-21 09:44:39.393  INFO 13337 --- [restartedMain] .e.DevToolsPropertyDefaultsPostProcessor : For additional web related logging consider setting the 'logging.level.web' property to 'DEBUG'
2023-08-21 09:45:00.999  INFO 13337 --- [restartedMain] .s.d.r.c.RepositoryConfigurationDelegate : Bootstrapping Spring Data JPA repositories in DEFAULT mode.
2023-08-21 09:45:04.092  INFO 13337 --- [restartedMain] .s.d.r.c.RepositoryConfigurationDelegate : Finished Spring Data repository scanning in 2950 ms. Found 1 JPA repository interfaces.
2023-08-21 09:45:08.732  INFO 13337 --- [restartedMain] o.s.cloud.context.scope.GenericScope     : BeanFactory id=1be57d75-bb11-3652-97ac-8c800c3ff3df
2023-08-21 09:45:18.529  INFO 13337 --- [restartedMain] o.s.b.w.embedded.tomcat.TomcatWebServer  : Tomcat initialized with port(s): 0 (http)
2023-08-21 09:45:18.629  INFO 13337 --- [restartedMain] o.apache.catalina.core.StandardService   : Starting service [Tomcat]
2023-08-21 09:45:18.642  INFO 13337 --- [restartedMain] org.apache.catalina.core.StandardEngine  : Starting Servlet engine: [Apache Tomcat/9.0.78]
2023-08-21 09:45:19.740  INFO 13337 --- [restartedMain] o.a.c.c.C.[Tomcat].[localhost].[/]       : Initializing Spring embedded WebApplicationContext
2023-08-21 09:45:19.761  INFO 13337 --- [restartedMain] w.s.c.ServletWebServerApplicationContext : Root WebApplicationContext: initialization completed in 40360 ms
2023-08-21 09:45:20.877  INFO 13337 --- [restartedMain] com.zaxxer.hikari.HikariDataSource       : HikariPool-1 - Starting...
2023-08-21 09:45:25.291  INFO 13337 --- [restartedMain] com.zaxxer.hikari.HikariDataSource       : HikariPool-1 - Start completed.
2023-08-21 09:45:25.483  INFO 13337 --- [restartedMain] o.s.b.a.h2.H2ConsoleAutoConfiguration    : H2 console available at '/h2'. Database available at 'jdbc:mysql://localhost:3306/project'
2023-08-21 09:45:28.779  INFO 13337 --- [restartedMain] o.hibernate.jpa.internal.util.LogHelper  : HHH000204: Processing PersistenceUnitInfo [name: default]
2023-08-21 09:45:29.472  INFO 13337 --- [restartedMain] org.hibernate.Version                    : HHH000412: Hibernate ORM core version 5.6.15.Final
2023-08-21 09:45:31.761  INFO 13337 --- [restartedMain] o.hibernate.annotations.common.Version   : HCANN000001: Hibernate Commons Annotations {5.1.2.Final}
2023-08-21 09:45:33.853  INFO 13337 --- [restartedMain] org.hibernate.dialect.Dialect            : HHH000400: Using dialect: org.hibernate.dialect.MySQL8Dialect
2023-08-21 09:45:40.465  INFO 13337 --- [restartedMain] o.h.e.t.j.p.i.JtaPlatformInitiator       : HHH000490: Using JtaPlatform implementation: [org.hibernate.engine.transaction.jta.platform.internal.NoJtaPlatform]
2023-08-21 09:45:40.676  INFO 13337 --- [restartedMain] j.LocalContainerEntityManagerFactoryBean : Initialized JPA EntityManagerFactory for persistence unit 'default'
2023-08-21 09:45:44.523  INFO 13337 --- [restartedMain] o.s.s.p.JdbcUserDetailsManager           : No authentication manager set. Reauthentication of users when changing passwords will not be performed.
2023-08-21 09:45:45.797  INFO 13337 --- [restartedMain] o.s.s.web.DefaultSecurityFilterChain     : Will secure any request with [org.springframework.security.web.session.DisableEncodeUrlFilter@1cdfe73b, org.springframework.security.web.context.request.async.WebAsyncManagerIntegrationFilter@1af75e0f, org.springframework.security.web.context.SecurityContextPersistenceFilter@1c21f3a0, org.springframework.security.web.header.HeaderWriterFilter@7f0dcbbf, org.springframework.security.web.authentication.logout.LogoutFilter@2292436a, org.springframework.security.web.authentication.www.BasicAuthenticationFilter@5c4b5cab, org.springframework.security.web.savedrequest.RequestCacheAwareFilter@15505331, org.springframework.security.web.servletapi.SecurityContextHolderAwareRequestFilter@12404385, org.springframework.security.web.authentication.AnonymousAuthenticationFilter@172ce6fc, org.springframework.security.web.session.SessionManagementFilter@79207925, org.springframework.security.web.access.ExceptionTranslationFilter@1d59262f, org.springframework.security.web.access.intercept.AuthorizationFilter@e6cee77]
2023-08-21 09:45:47.899  WARN 13337 --- [restartedMain] JpaBaseConfiguration$JpaWebConfiguration : spring.jpa.open-in-view is enabled by default. Therefore, database queries may be performed during view rendering. Explicitly configure spring.jpa.open-in-view to disable this warning
2023-08-21 09:46:03.417  WARN 13337 --- [restartedMain] o.s.b.d.a.OptionalLiveReloadServer       : Unable to start LiveReload server
2023-08-21 09:46:03.902  INFO 13337 --- [restartedMain] DiscoveryClientOptionalArgsConfiguration : Eureka HTTP Client uses RestTemplate.
2023-08-21 09:46:04.802  WARN 13337 --- [restartedMain] iguration$LoadBalancerCaffeineWarnLogger : Spring Cloud LoadBalancer is currently working with the default cache. While this cache implementation is useful for development and tests, it's recommended to use Caffeine cache in production.You can switch to using Caffeine cache, by adding it and org.springframework.cache.caffeine.CaffeineCacheManager to the classpath.
2023-08-21 09:46:04.843  INFO 13337 --- [restartedMain] o.s.b.a.e.web.EndpointLinksResolver      : Exposing 16 endpoint(s) beneath base path '/actuator'
2023-08-21 09:46:06.117  INFO 13337 --- [restartedMain] o.s.b.w.embedded.tomcat.TomcatWebServer  : Tomcat started on port(s): 33899 (http) with context path ''
2023-08-21 09:46:06.432  INFO 13337 --- [restartedMain] com.example.DoctorServiceApplication     : Started DoctorServiceApplication in 97.802 seconds (JVM running for 109.174)
2023-08-21 09:46:07.805  INFO 13337 --- [registrationTask1] d.c.b.a.c.r.ApplicationRegistrator       : Application registered itself as 921690e8aeb2
2023-08-21 09:46:07.913  INFO 13337 --- [http-nio-auto-1-exec-1] o.a.c.c.C.[Tomcat].[localhost].[/]       : Initializing Spring DispatcherServlet 'dispatcherServlet'
2023-08-21 09:46:07.931  INFO 13337 --- [http-nio-auto-1-exec-1] o.s.web.servlet.DispatcherServlet        : Initializing Servlet 'dispatcherServlet'
2023-08-21 09:46:07.958  INFO 13337 --- [http-nio-auto-1-exec-1] o.s.web.servlet.DispatcherServlet        : Completed initialization in 18 ms
2023-08-21 09:46:47.888  INFO 13337 --- [SpringApplicationShutdownHook] j.LocalContainerEntityManagerFactoryBean : Closing JPA EntityManagerFactory for persistence unit 'default'
2023-08-21 09:46:47.907  INFO 13337 --- [SpringApplicationShutdownHook] com.zaxxer.hikari.HikariDataSource       : HikariPool-1 - Shutdown initiated...
2023-08-21 09:46:47.963  INFO 13337 --- [SpringApplicationShutdownHook] com.zaxxer.hikari.HikariDataSource       : HikariPool-1 - Shutdown completed.
